Android Code/app/build/intermediates/manifest_merge_blame_file/debug/processDebugMainManifest/manifest-merger-blame-debug-report.txt
1<?xml version="1.0" encoding="utf-8"?>
2<manifest xmlns:android="http://schemas.android.com/apk/res/android"
3    package="com.saidweb.webviewpro"
4    android:versionCode="1"
5    android:versionName="1.0.0" >
6
7    <uses-sdk
8        android:minSdkVersion="21"
9        android:targetSdkVersion="33" />
10
11    <uses-permission android:name="android.permission.INTERNET" />
11-->src/main/AndroidManifest.xml:4:5-67
11-->src/main/AndroidManifest.xml:4:22-64
12    <uses-permission android:name="android.permission.ACCESS_NETWORK_STATE" />
12-->src/main/AndroidManifest.xml:5:5-79
12-->src/main/AndroidManifest.xml:5:22-76
13    <uses-permission android:name="android.permission.ACCESS_WIFI_STATE" />
13-->src/main/AndroidManifest.xml:6:5-76
13-->src/main/AndroidManifest.xml:6:22-73
14    <uses-permission android:name="android.permission.ACCESS_COARSE_LOCATION" />
14-->src/main/AndroidManifest.xml:8:5-81
14-->src/main/AndroidManifest.xml:8:22-78
15    <uses-permission android:name="android.permission.ACCESS_FINE_LOCATION" />
15-->src/main/AndroidManifest.xml:9:5-79
15-->src/main/AndroidManifest.xml:9:22-76
16    <uses-permission android:name="android.permission.CAMERA" />
16-->src/main/AndroidManifest.xml:10:5-65
16-->src/main/AndroidManifest.xml:10:22-62
17    <uses-permission android:name="android.permission.READ_EXTERNAL_STORAGE" />
17-->src/main/AndroidManifest.xml:11:5-80
17-->src/main/AndroidManifest.xml:11:22-77
18    <uses-permission
18-->src/main/AndroidManifest.xml:12:5-14:38
19        android:name="android.permission.WRITE_EXTERNAL_STORAGE"
19-->src/main/AndroidManifest.xml:13:9-65
20        android:maxSdkVersion="28" />
20-->src/main/AndroidManifest.xml:14:9-35
21
22    <!-- Create a unique permission for your app and use it so only your app can receive your OneSignal messages. -->
23    <permission
23-->[com.onesignal:OneSignal:4.7.0] AndroidManifest.xml:7:5-9:47
24        android:name="com.saidweb.webviewpro.permission.C2D_MESSAGE"
24-->[com.onesignal:OneSignal:4.7.0] AndroidManifest.xml:8:9-63
25        android:protectionLevel="signature" />
25-->[com.onesignal:OneSignal:4.7.0] AndroidManifest.xml:9:9-44
26
27    <uses-permission android:name="com.saidweb.webviewpro.permission.C2D_MESSAGE" /> <!-- c2dm RECEIVE are basic requirements for push messages through Google's FCM -->
27-->[com.onesignal:OneSignal:4.7.0] AndroidManifest.xml:11:5-79
27-->[com.onesignal:OneSignal:4.7.0] AndroidManifest.xml:11:22-76
28    <uses-permission android:name="com.google.android.c2dm.permission.RECEIVE" /> <!-- Required, makes sure notifications are delivered on time. -->
28-->[com.onesignal:OneSignal:4.7.0] AndroidManifest.xml:17:5-82
28-->[com.onesignal:OneSignal:4.7.0] AndroidManifest.xml:17:22-79
29    <uses-permission android:name="android.permission.WAKE_LOCK" />
29-->[com.onesignal:OneSignal:4.7.0] AndroidManifest.xml:18:5-68
29-->[com.onesignal:OneSignal:4.7.0] AndroidManifest.xml:18:22-65
30    <!--
31 Required so the device vibrates on receiving a push notification.
32         Vibration settings of the device still apply.
33    -->
34    <uses-permission android:name="android.permission.VIBRATE" />
34-->[com.onesignal:OneSignal:4.7.0] AndroidManifest.xml:23:5-66
34-->[com.onesignal:OneSignal:4.7.0] AndroidManifest.xml:23:22-63
35    <!--
36 Use to restore notifications the user hasn't interacted with.
37         They could be missed notifications if the user reboots their device if this isn't in place.
38    -->
39    <uses-permission android:name="android.permission.RECEIVE_BOOT_COMPLETED" /> <!-- START: ShortcutBadger -->
39-->[com.onesignal:OneSignal:4.7.0] AndroidManifest.xml:29:5-81
39-->[com.onesignal:OneSignal:4.7.0] AndroidManifest.xml:29:22-78
40    <!-- Samsung -->
41    <uses-permission android:name="com.sec.android.provider.badge.permission.READ" />
41-->[com.onesignal:OneSignal:4.7.0] AndroidManifest.xml:31:5-86
41-->[com.onesignal:OneSignal:4.7.0] AndroidManifest.xml:31:22-83
42    <uses-permission android:name="com.sec.android.provider.badge.permission.WRITE" /> <!-- HTC -->
42-->[com.onesignal:OneSignal:4.7.0] AndroidManifest.xml:32:5-87
42-->[com.onesignal:OneSignal:4.7.0] AndroidManifest.xml:32:22-84
43    <uses-permission android:name="com.htc.launcher.permission.READ_SETTINGS" />
43-->[com.onesignal:OneSignal:4.7.0] AndroidManifest.xml:33:5-81
43-->[com.onesignal:OneSignal:4.7.0] AndroidManifest.xml:33:22-78
44    <uses-permission android:name="com.htc.launcher.permission.UPDATE_SHORTCUT" /> <!-- Sony -->
44-->[com.onesignal:OneSignal:4.7.0] AndroidManifest.xml:34:5-83
44-->[com.onesignal:OneSignal:4.7.0] AndroidManifest.xml:34:22-80
45    <uses-permission android:name="com.sonyericsson.home.permission.BROADCAST_BADGE" />
45-->[com.onesignal:OneSignal:4.7.0] AndroidManifest.xml:35:5-88
45-->[com.onesignal:OneSignal:4.7.0] AndroidManifest.xml:35:22-85
46    <uses-permission android:name="com.sonymobile.home.permission.PROVIDER_INSERT_BADGE" /> <!-- Apex -->
46-->[com.onesignal:OneSignal:4.7.0] AndroidManifest.xml:36:5-92
46-->[com.onesignal:OneSignal:4.7.0] AndroidManifest.xml:36:22-89
47    <uses-permission android:name="com.anddoes.launcher.permission.UPDATE_COUNT" /> <!-- Solid -->
47-->[com.onesignal:OneSignal:4.7.0] AndroidManifest.xml:37:5-84
47-->[com.onesignal:OneSignal:4.7.0] AndroidManifest.xml:37:22-81
48    <uses-permission android:name="com.majeur.launcher.permission.UPDATE_BADGE" /> <!-- Huawei -->
48-->[com.onesignal:OneSignal:4.7.0] AndroidManifest.xml:38:5-83
48-->[com.onesignal:OneSignal:4.7.0] AndroidManifest.xml:38:22-80
49    <uses-permission android:name="com.huawei.android.launcher.permission.CHANGE_BADGE" />
49-->[com.onesignal:OneSignal:4.7.0] AndroidManifest.xml:39:5-91
49-->[com.onesignal:OneSignal:4.7.0] AndroidManifest.xml:39:22-88
50    <uses-permission android:name="com.huawei.android.launcher.permission.READ_SETTINGS" />
50-->[com.onesignal:OneSignal:4.7.0] AndroidManifest.xml:40:5-92
50-->[com.onesignal:OneSignal:4.7.0] AndroidManifest.xml:40:22-89
51    <uses-permission android:name="com.huawei.android.launcher.permission.WRITE_SETTINGS" /> <!-- ZUK -->
51-->[com.onesignal:OneSignal:4.7.0] AndroidManifest.xml:41:5-93
51-->[com.onesignal:OneSignal:4.7.0] AndroidManifest.xml:41:22-90
52    <uses-permission android:name="android.permission.READ_APP_BADGE" /> <!-- OPPO -->
52-->[com.onesignal:OneSignal:4.7.0] AndroidManifest.xml:42:5-73
52-->[com.onesignal:OneSignal:4.7.0] AndroidManifest.xml:42:22-70
53    <uses-permission android:name="com.oppo.launcher.permission.READ_SETTINGS" />
53-->[com.onesignal:OneSignal:4.7.0] AndroidManifest.xml:43:5-82
53-->[com.onesignal:OneSignal:4.7.0] AndroidManifest.xml:43:22-79
54    <uses-permission android:name="com.oppo.launcher.permission.WRITE_SETTINGS" /> <!-- EvMe -->
54-->[com.onesignal:OneSignal:4.7.0] AndroidManifest.xml:44:5-83
54-->[com.onesignal:OneSignal:4.7.0] AndroidManifest.xml:44:22-80
55    <uses-permission android:name="me.everything.badger.permission.BADGE_COUNT_READ" />
55-->[com.onesignal:OneSignal:4.7.0] AndroidManifest.xml:45:5-88
55-->[com.onesignal:OneSignal:4.7.0] AndroidManifest.xml:45:22-85
56    <uses-permission android:name="me.everything.badger.permission.BADGE_COUNT_WRITE" />
56-->[com.onesignal:OneSignal:4.7.0] AndroidManifest.xml:46:5-89
56-->[com.onesignal:OneSignal:4.7.0] AndroidManifest.xml:46:22-86
57    <uses-permission android:name="com.google.android.gms.permission.AD_ID" /> <!-- Android package visibility setting -->
57-->[com.google.android.gms:play-services-ads-lite:20.6.0] AndroidManifest.xml:25:5-79
57-->[com.google.android.gms:play-services-ads-lite:20.6.0] AndroidManifest.xml:25:22-76
58    <queries>
58-->[com.google.android.gms:play-services-ads-lite:20.6.0] AndroidManifest.xml:28:5-44:15
59
60        <!-- For browser content -->
61        <intent>
61-->[com.google.android.gms:play-services-ads-lite:20.6.0] AndroidManifest.xml:31:9-37:18
62            <action android:name="android.intent.action.VIEW" />
62-->src/main/AndroidManifest.xml:46:17-69
62-->src/main/AndroidManifest.xml:46:25-66
63
64            <category android:name="android.intent.category.BROWSABLE" />
64-->src/main/AndroidManifest.xml:49:17-78
64-->src/main/AndroidManifest.xml:49:27-75
65
66            <data android:scheme="https" />
66-->src/main/AndroidManifest.xml:51:17-47
66-->src/main/AndroidManifest.xml:51:23-44
67        </intent>
68        <!-- End of browser content -->
69        <!-- For CustomTabsService -->
70        <intent>
70-->[com.google.android.gms:play-services-ads-lite:20.6.0] AndroidManifest.xml:40:9-42:18
71            <action android:name="android.support.customtabs.action.CustomTabsService" />
71-->[com.google.android.gms:play-services-ads-lite:20.6.0] AndroidManifest.xml:41:13-90
71-->[com.google.android.gms:play-services-ads-lite:20.6.0] AndroidManifest.xml:41:21-87
72        </intent>
73        <!-- End of CustomTabsService -->
74        <package android:name="com.facebook.katana" />
74-->[com.facebook.android:audience-network-sdk:6.8.0] AndroidManifest.xml:12:9-55
74-->[com.facebook.android:audience-network-sdk:6.8.0] AndroidManifest.xml:12:18-52
75
76        <intent>
76-->[androidx.media2:media2-session:1.1.3] AndroidManifest.xml:25:9-27:18
77            <action android:name="android.media.browse.MediaBrowserService" />
77-->[androidx.media2:media2-session:1.1.3] AndroidManifest.xml:26:13-79
77-->[androidx.media2:media2-session:1.1.3] AndroidManifest.xml:26:21-76
78        </intent>
79        <intent>
79-->[androidx.media2:media2-session:1.1.3] AndroidManifest.xml:28:9-30:18
80            <action android:name="androidx.media2.session.MediaSessionService" />
80-->[androidx.media2:media2-session:1.1.3] AndroidManifest.xml:29:13-82
80-->[androidx.media2:media2-session:1.1.3] AndroidManifest.xml:29:21-79
81        </intent>
82        <intent>
82-->[androidx.media2:media2-session:1.1.3] AndroidManifest.xml:31:9-33:18
83            <action android:name="androidx.media2.session.MediaLibraryService" />
83-->[androidx.media2:media2-session:1.1.3] AndroidManifest.xml:32:13-82
83-->[androidx.media2:media2-session:1.1.3] AndroidManifest.xml:32:21-79
84        </intent>
85        <intent>
85-->[com.startapp:inapp-sdk:4.9.2] AndroidManifest.xml:17:9-19:18
86            <action android:name="android.intent.action.MAIN" />
86-->src/main/AndroidManifest.xml:42:17-69
86-->src/main/AndroidManifest.xml:42:25-66
87        </intent>
88    </queries>
89
90    <uses-permission android:name="android.permission.FOREGROUND_SERVICE" />
90-->[androidx.work:work-runtime:2.7.1] AndroidManifest.xml:28:5-77
90-->[androidx.work:work-runtime:2.7.1] AndroidManifest.xml:28:22-74
91    <uses-permission android:name="com.google.android.finsky.permission.BIND_GET_INSTALL_REFERRER_SERVICE" />
91-->[com.google.android.gms:play-services-measurement:19.0.0] AndroidManifest.xml:26:5-110
91-->[com.google.android.gms:play-services-measurement:19.0.0] AndroidManifest.xml:26:22-107
92
93    <application
93-->src/main/AndroidManifest.xml:16:5-97:19
94        android:name="com.saidweb.webviewpro.activities.MyApplication"
94-->src/main/AndroidManifest.xml:17:9-71
95        android:allowBackup="true"
95-->src/main/AndroidManifest.xml:18:9-35
96        android:appComponentFactory="androidx.core.app.CoreComponentFactory"
96-->[androidx.core:core:1.6.0] AndroidManifest.xml:24:18-86
97        android:debuggable="true"
98        android:extractNativeLibs="true"
99        android:hardwareAccelerated="true"
99-->src/main/AndroidManifest.xml:19:9-43
100        android:icon="@mipmap/ic_launcher"
100-->src/main/AndroidManifest.xml:21:9-43
101        android:label="@string/app_name"
101-->src/main/AndroidManifest.xml:22:9-41
102        android:largeHeap="true"
102-->src/main/AndroidManifest.xml:20:9-33
103        android:networkSecurityConfig="@xml/network_security_config"
103-->src/main/AndroidManifest.xml:23:9-69
104        android:roundIcon="@mipmap/ic_launcher_round"
104-->src/main/AndroidManifest.xml:24:9-54
105        android:supportsRtl="true"
105-->src/main/AndroidManifest.xml:25:9-35
106        android:testOnly="true"
107        android:theme="@style/AppTheme"
107-->src/main/AndroidManifest.xml:26:9-40
108        android:usesCleartextTraffic="true" >
108-->src/main/AndroidManifest.xml:27:9-44
109        <meta-data
109-->src/main/AndroidManifest.xml:29:9-31:52
110            android:name="com.google.android.gms.ads.APPLICATION_ID"
110-->src/main/AndroidManifest.xml:30:13-69
111            android:value="@string/admob_app_id" />
111-->src/main/AndroidManifest.xml:31:13-49
112        <meta-data
112-->src/main/AndroidManifest.xml:33:9-35:56
113            android:name="applovin.sdk.key"
113-->src/main/AndroidManifest.xml:34:13-44
114            android:value="@string/applovin_sdk_key" />
114-->src/main/AndroidManifest.xml:35:13-53
115
116        <activity
116-->src/main/AndroidManifest.xml:37:9-56:20
117            android:name="com.saidweb.webviewpro.activities.ActivitySplash"
117-->src/main/AndroidManifest.xml:38:13-76
118            android:configChanges="keyboard|keyboardHidden|orientation|screenSize"
118-->src/main/AndroidManifest.xml:39:13-83
119            android:exported="true" >
119-->src/main/AndroidManifest.xml:40:13-36
120            <intent-filter>
120-->src/main/AndroidManifest.xml:41:13-44:29
121                <action android:name="android.intent.action.MAIN" />
121-->src/main/AndroidManifest.xml:42:17-69
121-->src/main/AndroidManifest.xml:42:25-66
122
123                <category android:name="android.intent.category.LAUNCHER" />
123-->src/main/AndroidManifest.xml:43:17-77
123-->src/main/AndroidManifest.xml:43:27-74
124            </intent-filter>
125            <intent-filter>
125-->src/main/AndroidManifest.xml:45:13-55:29
126                <action android:name="android.intent.action.VIEW" />
126-->src/main/AndroidManifest.xml:46:17-69
126-->src/main/AndroidManifest.xml:46:25-66
127
128                <category android:name="android.intent.category.DEFAULT" />
128-->src/main/AndroidManifest.xml:48:17-76
128-->src/main/AndroidManifest.xml:48:27-73
129                <category android:name="android.intent.category.BROWSABLE" />
129-->src/main/AndroidManifest.xml:49:17-78
129-->src/main/AndroidManifest.xml:49:27-75
130
131                <data android:scheme="http" />
131-->src/main/AndroidManifest.xml:51:17-47
131-->src/main/AndroidManifest.xml:51:23-44
132                <data android:scheme="https" />
132-->src/main/AndroidManifest.xml:51:17-47
132-->src/main/AndroidManifest.xml:51:23-44
133                <data android:host="@string/app_deep_link_host" />
133-->src/main/AndroidManifest.xml:51:17-47
133-->src/main/AndroidManifest.xml:53:23-64
134                <data android:pathPrefix="@string/app_deep_link_path" />
134-->src/main/AndroidManifest.xml:51:17-47
134-->src/main/AndroidManifest.xml:54:23-70
135            </intent-filter>
136        </activity>
137        <activity
137-->src/main/AndroidManifest.xml:58:9-66:20
138            android:name="com.saidweb.webviewpro.activities.MainActivity"
138-->src/main/AndroidManifest.xml:59:13-74
139            android:configChanges="keyboard|keyboardHidden|orientation|screenSize"
139-->src/main/AndroidManifest.xml:60:13-83
140            android:exported="true" >
140-->src/main/AndroidManifest.xml:61:13-36
141            <intent-filter>
141-->src/main/AndroidManifest.xml:62:13-65:29
142                <action android:name="android.intent.action.MAIN" />
142-->src/main/AndroidManifest.xml:42:17-69
142-->src/main/AndroidManifest.xml:42:25-66
143
144                <category android:name="android.intent.category.DEFAULT" />
144-->src/main/AndroidManifest.xml:48:17-76
144-->src/main/AndroidManifest.xml:48:27-73
145            </intent-filter>
146        </activity>
147        <activity
147-->src/main/AndroidManifest.xml:68:9-70:86
148            android:name="com.saidweb.webviewpro.activities.ActivitySettings"
148-->src/main/AndroidManifest.xml:69:13-78
149            android:configChanges="keyboard|keyboardHidden|orientation|screenSize" />
149-->src/main/AndroidManifest.xml:70:13-83
150
151        <service
151-->src/main/AndroidManifest.xml:72:9-79:19
152            android:name="com.saidweb.webviewpro.notification.MyFirebaseMessageService"
152-->src/main/AndroidManifest.xml:73:13-88
153            android:enabled="true"
153-->src/main/AndroidManifest.xml:74:13-35
154            android:exported="false" >
154-->src/main/AndroidManifest.xml:75:13-37
155            <intent-filter>
155-->src/main/AndroidManifest.xml:76:13-78:29
156                <action android:name="com.google.firebase.MESSAGING_EVENT" />
156-->src/main/AndroidManifest.xml:77:17-78
156-->src/main/AndroidManifest.xml:77:25-75
157            </intent-filter>
158        </service>
159
160        <meta-data
160-->src/main/AndroidManifest.xml:81:9-83:70
161            android:name="com.google.firebase.messaging.default_notification_icon"
161-->src/main/AndroidManifest.xml:82:13-83
162            android:resource="@drawable/ic_stat_onesignal_default" />
162-->src/main/AndroidManifest.xml:83:13-67
163        <meta-data
163-->src/main/AndroidManifest.xml:85:9-87:53
164            android:name="com.google.firebase.messaging.default_notification_color"
164-->src/main/AndroidManifest.xml:86:13-84
165            android:resource="@color/colorAccent" />
165-->src/main/AndroidManifest.xml:87:13-50
166        <meta-data
166-->src/main/AndroidManifest.xml:89:9-91:96
167            android:name="com.onesignal.NotificationServiceExtension"
167-->src/main/AndroidManifest.xml:90:13-70
168            android:value="com.saidweb.webviewpro.notification.NotificationServiceExtension" />
168-->src/main/AndroidManifest.xml:91:13-93
169        <meta-data
169-->src/main/AndroidManifest.xml:93:9-95:39
170            android:name="com.onesignal.NotificationOpened.DEFAULT"
170-->src/main/AndroidManifest.xml:94:13-68
171            android:value="DISABLE" />
171-->src/main/AndroidManifest.xml:95:13-36
172        <meta-data
172-->[com.github.solodroidx:solodroid-ads-sdk:1.3.9] AndroidManifest.xml:13:9-15:69
173            android:name="com.google.android.gms.version"
173-->[com.github.solodroidx:solodroid-ads-sdk:1.3.9] AndroidManifest.xml:14:13-58
174            android:value="@integer/google_play_services_version" />
174-->[com.github.solodroidx:solodroid-ads-sdk:1.3.9] AndroidManifest.xml:15:13-66
175
176        <activity
176-->[com.github.solodroidx:solodroid-ads-sdk:1.3.9] AndroidManifest.xml:17:9-19:125
177            android:name="com.google.android.gms.ads.AdActivity"
177-->[com.github.solodroidx:solodroid-ads-sdk:1.3.9] AndroidManifest.xml:18:13-65
178            android:configChanges="keyboard|keyboardHidden|orientation|screenLayout|uiMode|screenSize|smallestScreenSize"
178-->[com.github.solodroidx:solodroid-ads-sdk:1.3.9] AndroidManifest.xml:19:13-122
179            android:exported="false"
179-->[com.google.android.gms:play-services-ads-lite:20.6.0] AndroidManifest.xml:52:13-37
180            android:theme="@android:style/Theme.Translucent" />
180-->[com.google.android.gms:play-services-ads-lite:20.6.0] AndroidManifest.xml:53:13-61
181
182        <receiver
182-->[com.onesignal:OneSignal:4.7.0] AndroidManifest.xml:49:9-60:20
183            android:name="com.onesignal.FCMBroadcastReceiver"
183-->[com.onesignal:OneSignal:4.7.0] AndroidManifest.xml:50:13-62
184            android:exported="true"
184-->[com.onesignal:OneSignal:4.7.0] AndroidManifest.xml:51:13-36
185            android:permission="com.google.android.c2dm.permission.SEND" >
185-->[com.onesignal:OneSignal:4.7.0] AndroidManifest.xml:52:13-73
186
187            <!-- High priority so OneSignal payloads can be filtered from other FCM receivers -->
188            <intent-filter android:priority="999" >
188-->[com.onesignal:OneSignal:4.7.0] AndroidManifest.xml:55:13-59:29
188-->[com.onesignal:OneSignal:4.7.0] AndroidManifest.xml:55:28-50
189                <action android:name="com.google.android.c2dm.intent.RECEIVE" />
189-->[com.onesignal:OneSignal:4.7.0] AndroidManifest.xml:56:17-81
189-->[com.onesignal:OneSignal:4.7.0] AndroidManifest.xml:56:25-78
190
191                <category android:name="com.saidweb.webviewpro" />
191-->[com.onesignal:OneSignal:4.7.0] AndroidManifest.xml:58:17-61
191-->[com.onesignal:OneSignal:4.7.0] AndroidManifest.xml:58:27-58
192            </intent-filter>
193        </receiver>
194
195        <service
195-->[com.onesignal:OneSignal:4.7.0] AndroidManifest.xml:62:9-68:19
196            android:name="com.onesignal.HmsMessageServiceOneSignal"
196-->[com.onesignal:OneSignal:4.7.0] AndroidManifest.xml:63:13-68
197            android:exported="false" >
197-->[com.onesignal:OneSignal:4.7.0] AndroidManifest.xml:64:13-37
198            <intent-filter>
198-->[com.onesignal:OneSignal:4.7.0] AndroidManifest.xml:65:13-67:29
199                <action android:name="com.huawei.push.action.MESSAGING_EVENT" />
199-->[com.onesignal:OneSignal:4.7.0] AndroidManifest.xml:66:17-81
199-->[com.onesignal:OneSignal:4.7.0] AndroidManifest.xml:66:25-78
200            </intent-filter>
201        </service>
202
203        <activity
203-->[com.onesignal:OneSignal:4.7.0] AndroidManifest.xml:70:9-78:20
204            android:name="com.onesignal.NotificationOpenedActivityHMS"
204-->[com.onesignal:OneSignal:4.7.0] AndroidManifest.xml:71:13-71
205            android:exported="true"
205-->[com.onesignal:OneSignal:4.7.0] AndroidManifest.xml:72:13-36
206            android:noHistory="true"
206-->[com.onesignal:OneSignal:4.7.0] AndroidManifest.xml:73:13-37
207            android:theme="@android:style/Theme.Translucent.NoTitleBar" >
207-->[com.onesignal:OneSignal:4.7.0] AndroidManifest.xml:74:13-72
208            <intent-filter>
208-->[com.onesignal:OneSignal:4.7.0] AndroidManifest.xml:75:13-77:29
209                <action android:name="android.intent.action.VIEW" />
209-->src/main/AndroidManifest.xml:46:17-69
209-->src/main/AndroidManifest.xml:46:25-66
210            </intent-filter>
211        </activity>
212
213        <service
213-->[com.onesignal:OneSignal:4.7.0] AndroidManifest.xml:80:9-82:40
214            android:name="com.onesignal.FCMIntentService"
214-->[com.onesignal:OneSignal:4.7.0] AndroidManifest.xml:81:13-58
215            android:exported="false" />
215-->[com.onesignal:OneSignal:4.7.0] AndroidManifest.xml:82:13-37
216        <service
216-->[com.onesignal:OneSignal:4.7.0] AndroidManifest.xml:83:9-86:72
217            android:name="com.onesignal.FCMIntentJobService"
217-->[com.onesignal:OneSignal:4.7.0] AndroidManifest.xml:84:13-61
218            android:exported="false"
218-->[com.onesignal:OneSignal:4.7.0] AndroidManifest.xml:85:13-37
219            android:permission="android.permission.BIND_JOB_SERVICE" />
219-->[com.onesignal:OneSignal:4.7.0] AndroidManifest.xml:86:13-69
220        <service
220-->[com.onesignal:OneSignal:4.7.0] AndroidManifest.xml:87:9-90:43
221            android:name="com.onesignal.SyncService"
221-->[com.onesignal:OneSignal:4.7.0] AndroidManifest.xml:88:13-53
222            android:exported="false"
222-->[com.onesignal:OneSignal:4.7.0] AndroidManifest.xml:89:13-37
223            android:stopWithTask="true" />
223-->[com.onesignal:OneSignal:4.7.0] AndroidManifest.xml:90:13-40
224        <service
224-->[com.onesignal:OneSignal:4.7.0] AndroidManifest.xml:91:9-94:72
225            android:name="com.onesignal.SyncJobService"
225-->[com.onesignal:OneSignal:4.7.0] AndroidManifest.xml:92:13-56
226            android:exported="false"
226-->[com.onesignal:OneSignal:4.7.0] AndroidManifest.xml:93:13-37
227            android:permission="android.permission.BIND_JOB_SERVICE" />
227-->[com.onesignal:OneSignal:4.7.0] AndroidManifest.xml:94:13-69
228
229        <activity
229-->[com.onesignal:OneSignal:4.7.0] AndroidManifest.xml:96:9-99:75
230            android:name="com.onesignal.PermissionsActivity"
230-->[com.onesignal:OneSignal:4.7.0] AndroidManifest.xml:97:13-61
231            android:exported="false"
231-->[com.onesignal:OneSignal:4.7.0] AndroidManifest.xml:98:13-37
232            android:theme="@android:style/Theme.Translucent.NoTitleBar" />
232-->[com.onesignal:OneSignal:4.7.0] AndroidManifest.xml:99:13-72
233
234        <receiver
234-->[com.onesignal:OneSignal:4.7.0] AndroidManifest.xml:101:9-103:39
235            android:name="com.onesignal.NotificationDismissReceiver"
235-->[com.onesignal:OneSignal:4.7.0] AndroidManifest.xml:102:13-69
236            android:exported="true" />
236-->[com.onesignal:OneSignal:4.7.0] AndroidManifest.xml:103:13-36
237        <receiver
237-->[com.onesignal:OneSignal:4.7.0] AndroidManifest.xml:104:9-111:20
238            android:name="com.onesignal.BootUpReceiver"
238-->[com.onesignal:OneSignal:4.7.0] AndroidManifest.xml:105:13-56
239            android:exported="true" >
239-->[com.onesignal:OneSignal:4.7.0] AndroidManifest.xml:106:13-36
240            <intent-filter>
240-->[com.onesignal:OneSignal:4.7.0] AndroidManifest.xml:107:13-110:29
241                <action android:name="android.intent.action.BOOT_COMPLETED" />
241-->[com.onesignal:OneSignal:4.7.0] AndroidManifest.xml:108:17-79
241-->[com.onesignal:OneSignal:4.7.0] AndroidManifest.xml:108:25-76
242                <action android:name="android.intent.action.QUICKBOOT_POWERON" />
242-->[com.onesignal:OneSignal:4.7.0] AndroidManifest.xml:109:17-82
242-->[com.onesignal:OneSignal:4.7.0] AndroidManifest.xml:109:25-79
243            </intent-filter>
244        </receiver>
245        <receiver
245-->[com.onesignal:OneSignal:4.7.0] AndroidManifest.xml:112:9-118:20
246            android:name="com.onesignal.UpgradeReceiver"
246-->[com.onesignal:OneSignal:4.7.0] AndroidManifest.xml:113:13-57
247            android:exported="true" >
247-->[com.onesignal:OneSignal:4.7.0] AndroidManifest.xml:114:13-36
248            <intent-filter>
248-->[com.onesignal:OneSignal:4.7.0] AndroidManifest.xml:115:13-117:29
249                <action android:name="android.intent.action.MY_PACKAGE_REPLACED" />
249-->[com.onesignal:OneSignal:4.7.0] AndroidManifest.xml:116:17-84
249-->[com.onesignal:OneSignal:4.7.0] AndroidManifest.xml:116:25-81
250            </intent-filter>
251        </receiver>
252
253        <activity
253-->[com.onesignal:OneSignal:4.7.0] AndroidManifest.xml:120:9-126:75
254            android:name="com.onesignal.NotificationOpenedReceiver"
254-->[com.onesignal:OneSignal:4.7.0] AndroidManifest.xml:121:13-68
255            android:excludeFromRecents="true"
255-->[com.onesignal:OneSignal:4.7.0] AndroidManifest.xml:122:13-46
256            android:exported="true"
256-->[com.onesignal:OneSignal:4.7.0] AndroidManifest.xml:123:13-36
257            android:noHistory="true"
257-->[com.onesignal:OneSignal:4.7.0] AndroidManifest.xml:124:13-37
258            android:taskAffinity=""
258-->[com.onesignal:OneSignal:4.7.0] AndroidManifest.xml:125:13-36
259            android:theme="@android:style/Theme.Translucent.NoTitleBar" />
259-->[com.onesignal:OneSignal:4.7.0] AndroidManifest.xml:126:13-72
260        <activity
260-->[com.onesignal:OneSignal:4.7.0] AndroidManifest.xml:127:9-132:75
261            android:name="com.onesignal.NotificationOpenedReceiverAndroid22AndOlder"
261-->[com.onesignal:OneSignal:4.7.0] AndroidManifest.xml:128:13-85
262            android:excludeFromRecents="true"
262-->[com.onesignal:OneSignal:4.7.0] AndroidManifest.xml:129:13-46
263            android:exported="true"
263-->[com.onesignal:OneSignal:4.7.0] AndroidManifest.xml:130:13-36
264            android:noHistory="true"
264-->[com.onesignal:OneSignal:4.7.0] AndroidManifest.xml:131:13-37
265            android:theme="@android:style/Theme.Translucent.NoTitleBar" />
265-->[com.onesignal:OneSignal:4.7.0] AndroidManifest.xml:132:13-72
266        <activity
266-->[com.mopub:mopub-sdk-fullscreen:5.18.0] AndroidManifest.xml:12:9-15:59
267            android:name="com.mopub.mobileads.MoPubFullscreenActivity"
267-->[com.mopub:mopub-sdk-fullscreen:5.18.0] AndroidManifest.xml:13:13-71
268            android:configChanges="keyboardHidden|orientation|screenSize"
268-->[com.mopub:mopub-sdk-fullscreen:5.18.0] AndroidManifest.xml:14:13-74
269            android:theme="@style/MoPubFullscreenTheme" />
269-->[com.mopub:mopub-sdk-fullscreen:5.18.0] AndroidManifest.xml:15:13-56
270        <activity
270-->[com.mopub:mopub-sdk-base:5.18.0] AndroidManifest.xml:16:9-19:59
271            android:name="com.mopub.common.MoPubBrowser"
271-->[com.mopub:mopub-sdk-base:5.18.0] AndroidManifest.xml:17:13-57
272            android:configChanges="keyboardHidden|orientation|screenSize"
272-->[com.mopub:mopub-sdk-base:5.18.0] AndroidManifest.xml:18:13-74
273            android:theme="@style/MoPubFullscreenTheme" />
273-->[com.mopub:mopub-sdk-base:5.18.0] AndroidManifest.xml:19:13-56
274        <activity
274-->[com.mopub:mopub-sdk-base:5.18.0] AndroidManifest.xml:20:9-23:59
275            android:name="com.mopub.common.privacy.ConsentDialogActivity"
275-->[com.mopub:mopub-sdk-base:5.18.0] AndroidManifest.xml:21:13-74
276            android:configChanges="keyboardHidden|orientation|screenSize"
276-->[com.mopub:mopub-sdk-base:5.18.0] AndroidManifest.xml:22:13-74
277            android:theme="@style/MoPubFullscreenTheme" />
277-->[com.mopub:mopub-sdk-base:5.18.0] AndroidManifest.xml:23:13-56
278
279        <provider
279-->[androidx.lifecycle:lifecycle-process:2.3.1] AndroidManifest.xml:25:9-29:43
280            android:name="androidx.lifecycle.ProcessLifecycleOwnerInitializer"
280-->[androidx.lifecycle:lifecycle-process:2.3.1] AndroidManifest.xml:26:13-79
281            android:authorities="com.saidweb.webviewpro.lifecycle-process"
281-->[androidx.lifecycle:lifecycle-process:2.3.1] AndroidManifest.xml:27:13-69
282            android:exported="false"
282-->[androidx.lifecycle:lifecycle-process:2.3.1] AndroidManifest.xml:28:13-37
283            android:multiprocess="true" />
283-->[androidx.lifecycle:lifecycle-process:2.3.1] AndroidManifest.xml:29:13-40
284        <provider